<?xml version="1.0" encoding="UTF-8"?>
<!-- Generated by org.testng.reporters.JUnitReportReporter -->
<testsuite hostname="TYSS-Sanjay" failures="0" tests="3" name="practice.contacttest.Priority" time="0.011" errors="0" timestamp="13 May 2024 07:54:24 GMT" skipped="0">
  <testcase classname="practice.contacttest.Priority" name="createTest" time="0.007"/>
  <testcase classname="practice.contacttest.Priority" name="modifyTest" time="0.002"/>
  <testcase classname="practice.contacttest.Priority" name="delteTest" time="0.002"/>
</testsuite> <!-- practice.contacttest.Priority -->
