<?xml version="1.0" encoding="UTF-8"?>
<!-- Generated by org.testng.reporters.JUnitReportReporter -->
<testsuite hostname="TYSS-Sanjay" failures="0" tests="1" name="DataDrivenTesting.ReadDataFromTestNGTest" time="0.013" errors="0" timestamp="06 May 2024 07:03:22 GMT" skipped="0">
  <testcase classname="DataDrivenTesting.ReadDataFromTestNGTest" name="ReadData" time="0.013"/>
</testsuite> <!-- DataDrivenTesting.ReadDataFromTestNGTest -->
