<?xml version="1.0" encoding="UTF-8"?>
<!-- Generated by org.testng.reporters.JUnitReportReporter -->
<testsuite hostname="TYSS-Sanjay" failures="0" tests="1" name="DataDrivenTesting.ReadDataFromTestNGXMLTest" time="0.020" errors="0" timestamp="06 May 2024 07:17:40 GMT" skipped="0">
  <testcase classname="DataDrivenTesting.ReadDataFromTestNGXMLTest" name="ReadData" time="0.020"/>
</testsuite> <!-- DataDrivenTesting.ReadDataFromTestNGXMLTest -->
