<?xml version="1.0" encoding="UTF-8"?>
<!-- Generated by org.testng.reporters.JUnitReportReporter -->
<testsuite hostname="TYSS-Sanjay" failures="0" tests="1" name="DataDrivenTesting.CreateOrganizationWithTestNgXMLTest" time="20.205" errors="0" timestamp="06 May 2024 07:16:22 GMT" skipped="0">
  <testcase classname="DataDrivenTesting.CreateOrganizationWithTestNgXMLTest" name="createOrg" time="20.205"/>
</testsuite> <!-- DataDrivenTesting.CreateOrganizationWithTestNgXMLTest -->
