<?xml version="1.0" encoding="UTF-8"?>
<!-- Generated by org.testng.reporters.JUnitReportReporter -->
<testsuite hostname="TYSS-Sanjay" failures="0" tests="2" name="practice.contacttest.Depends" time="0.007" errors="0" timestamp="13 May 2024 07:58:45 GMT" skipped="0">
  <testcase classname="practice.contacttest.Depends" name="createTest" time="0.006"/>
  <testcase classname="practice.contacttest.Depends" name="deleteTest" time="0.001"/>
</testsuite> <!-- practice.contacttest.Depends -->
