<?xml version="1.0" encoding="UTF-8"?>
<!-- Generated by org.testng.reporters.JUnitReportReporter -->
<testsuite hostname="TYSS-Sanjay" failures="0" tests="1" name="practiceTest.DataProviderTest" time="0.019" errors="0" timestamp="13 May 2024 12:05:08 GMT" skipped="0">
  <testcase classname="practiceTest.DataProviderTest" name="createTest" time="0.019"/>
</testsuite> <!-- practiceTest.DataProviderTest -->
