<?xml version="1.0" encoding="UTF-8"?>
<!-- Generated by org.testng.reporters.JUnitReportReporter -->
<testsuite hostname="TYSS-Sanjay" failures="0" tests="1" name="practice.orgtest.SampleTestWithPom" time="7.405" errors="0" timestamp="10 May 2024 07:29:24 GMT" skipped="0">
  <testcase classname="practice.orgtest.SampleTestWithPom" name="sampleTest" time="7.405"/>
</testsuite> <!-- practice.orgtest.SampleTestWithPom -->
